[debug] [2021-10-08T03:26:07.381Z] ----------------------------------------------------------------------
[debug] [2021-10-08T03:26:07.384Z] Command:       C:\Program Files (x86)\Nodist\v-x64\14.18.0\node.exe C:\Program Files (x86)\Nodist\bin\node_modules\firebase-tools\lib\bin\firebase.js init
[debug] [2021-10-08T03:26:07.384Z] CLI Version:   9.20.0
[debug] [2021-10-08T03:26:07.385Z] Platform:      win32
[debug] [2021-10-08T03:26:07.385Z] Node Version:  v14.18.0
[debug] [2021-10-08T03:26:07.386Z] Time:          Fri Oct 08 2021 12:26:07 GMT+0900 (日本標準時)
[debug] [2021-10-08T03:26:07.386Z] ----------------------------------------------------------------------
[debug] 
[debug] [2021-10-08T03:26:07.397Z] > command requires scopes: ["email","openid","https://www.googleapis.com/auth/cloudplatformprojects.readonly","https://www.googleapis.com/auth/firebase","https://www.googleapis.com/auth/cloud-platform"]
[debug] [2021-10-08T03:26:07.398Z] > authorizing via signed-in user (r005mbkurino@gmail.com)
[info] 
     ######## #### ########  ######## ########     ###     ######  ########
     ##        ##  ##     ## ##       ##     ##  ##   ##  ##       ##
     ######    ##  ########  ######   ########  #########  ######  ######
     ##        ##  ##    ##  ##       ##     ## ##     ##       ## ##
     ##       #### ##     ## ######## ########  ##     ##  ######  ########

You're about to initialize a Firebase project in this directory:

  C:\Users\ryuka\Documents\P2\chat-bot

[info] 
=== Project Setup
[info] 
[info] First, let's associate this project directory with a Firebase project.
[info] You can create multiple project aliases by running firebase use --add, 
[info] but for now we'll just set up a default project.
[info] 
[debug] [2021-10-08T03:53:17.780Z] >>> [apiv2][query] GET https://firebase.googleapis.com/v1beta1/projects pageSize=100
[debug] [2021-10-08T03:53:18.605Z] <<< [apiv2][status] GET https://firebase.googleapis.com/v1beta1/projects 200
[debug] [2021-10-08T03:53:18.606Z] <<< [apiv2][body] GET https://firebase.googleapis.com/v1beta1/projects [omitted]
[info] i  Using project chato-bot-demo (chato-bot-demo) 
[info] 
=== Firestore Setup
[debug] [2021-10-08T04:22:58.543Z] > refreshing access token with scopes: ["email","https://www.googleapis.com/auth/cloud-platform","https://www.googleapis.com/auth/cloudplatformprojects.readonly","https://www.googleapis.com/auth/firebase","openid"]
[debug] [2021-10-08T04:22:58.544Z] >>> HTTP REQUEST POST https://www.googleapis.com/oauth2/v3/token  
 <request body omitted>
[debug] [2021-10-08T04:22:58.732Z] <<< HTTP RESPONSE 200 {"expires":"Mon, 01 Jan 1990 00:00:00 GMT","pragma":"no-cache","date":"Fri, 08 Oct 2021 04:22:58 GMT","cache-control":"no-cache, no-store, max-age=0, must-revalidate","content-type":"application/json; charset=utf-8","vary":"X-Origin, Referer, Origin,Accept-Encoding","server":"scaffolding on HTTPServer2","x-xss-protection":"0","x-frame-options":"SAMEORIGIN","x-content-type-options":"nosniff","alt-svc":"h3=\":443\"; ma=2592000,h3-29=\":443\"; ma=2592000,h3-T051=\":443\"; ma=2592000,h3-Q050=\":443\"; ma=2592000,h3-Q046=\":443\"; ma=2592000,h3-Q043=\":443\"; ma=2592000,quic=\":443\"; ma=2592000; v=\"46,43\"","accept-ranges":"none","transfer-encoding":"chunked"}
[debug] [2021-10-08T04:22:58.757Z] >>> HTTP REQUEST GET https://serviceusage.googleapis.com/v1/projects/chato-bot-demo/services/firestore.googleapis.com  
 
[debug] [2021-10-08T04:22:59.842Z] <<< HTTP RESPONSE 200 {"content-type":"application/json; charset=UTF-8","vary":"X-Origin, Referer, Origin,Accept-Encoding","date":"Fri, 08 Oct 2021 04:22:59 GMT","server":"ESF","cache-control":"private","x-xss-protection":"0","x-frame-options":"SAMEORIGIN","x-content-type-options":"nosniff","alt-svc":"h3=\":443\"; ma=2592000,h3-29=\":443\"; ma=2592000,h3-T051=\":443\"; ma=2592000,h3-Q050=\":443\"; ma=2592000,h3-Q046=\":443\"; ma=2592000,h3-Q043=\":443\"; ma=2592000,quic=\":443\"; ma=2592000; v=\"46,43\"","accept-ranges":"none","transfer-encoding":"chunked"}
[debug] [2021-10-08T04:22:59.844Z] >>> HTTP REQUEST GET https://appengine.googleapis.com/v1/apps/chato-bot-demo  
 
[debug] [2021-10-08T04:23:00.147Z] <<< HTTP RESPONSE 200 {"content-type":"application/json; charset=UTF-8","vary":"X-Origin, Referer, Origin,Accept-Encoding","date":"Fri, 08 Oct 2021 04:22:59 GMT","server":"ESF","cache-control":"private","x-xss-protection":"0","x-frame-options":"SAMEORIGIN","x-content-type-options":"nosniff","alt-svc":"h3=\":443\"; ma=2592000,h3-29=\":443\"; ma=2592000,h3-T051=\":443\"; ma=2592000,h3-Q050=\":443\"; ma=2592000,h3-Q046=\":443\"; ma=2592000,h3-Q043=\":443\"; ma=2592000,quic=\":443\"; ma=2592000; v=\"46,43\"","accept-ranges":"none","transfer-encoding":"chunked"}
[debug] [2021-10-08T04:23:00.149Z] database_type: CLOUD_FIRESTORE
[debug] [2021-10-08T04:23:00.150Z] > command requires scopes: ["email","openid","https://www.googleapis.com/auth/cloudplatformprojects.readonly","https://www.googleapis.com/auth/firebase","https://www.googleapis.com/auth/cloud-platform"]
[debug] [2021-10-08T04:23:00.151Z] > authorizing via signed-in user (r005mbkurino@gmail.com)
[debug] [2021-10-08T04:23:00.151Z] [iam] checking project chato-bot-demo for permissions ["firebase.projects.get"]
[debug] [2021-10-08T04:23:00.151Z] >>> HTTP REQUEST POST https://cloudresourcemanager.googleapis.com/v1/projects/chato-bot-demo:testIamPermissions  
 {"permissions":["firebase.projects.get"]}
[debug] [2021-10-08T04:23:00.904Z] <<< HTTP RESPONSE 200 {"content-type":"application/json; charset=UTF-8","vary":"X-Origin, Referer, Origin,Accept-Encoding","date":"Fri, 08 Oct 2021 04:23:00 GMT","server":"ESF","cache-control":"private","x-xss-protection":"0","x-frame-options":"SAMEORIGIN","x-content-type-options":"nosniff","server-timing":"gfet4t7; dur=628","alt-svc":"h3=\":443\"; ma=2592000,h3-29=\":443\"; ma=2592000,h3-T051=\":443\"; ma=2592000,h3-Q050=\":443\"; ma=2592000,h3-Q046=\":443\"; ma=2592000,h3-Q043=\":443\"; ma=2592000,quic=\":443\"; ma=2592000; v=\"46,43\"","accept-ranges":"none","transfer-encoding":"chunked"}
[info] 
[info] Firestore Security Rules allow you to define how and when to allow
[info] requests. You can keep these rules in your project directory
[info] and publish them with firebase deploy.
[info] 
[debug] [2021-10-08T04:23:39.843Z] >>> HTTP REQUEST GET https://firebaserules.googleapis.com/v1/projects/chato-bot-demo/releases?pageSize=10&pageToken=  
 
[debug] [2021-10-08T04:23:41.006Z] <<< HTTP RESPONSE 200 {"content-type":"application/json; charset=UTF-8","vary":"X-Origin, Referer, Origin,Accept-Encoding","date":"Fri, 08 Oct 2021 04:23:40 GMT","server":"ESF","cache-control":"private","x-xss-protection":"0","x-frame-options":"SAMEORIGIN","x-content-type-options":"nosniff","alt-svc":"h3=\":443\"; ma=2592000,h3-29=\":443\"; ma=2592000,h3-T051=\":443\"; ma=2592000,h3-Q050=\":443\"; ma=2592000,h3-Q046=\":443\"; ma=2592000,h3-Q043=\":443\"; ma=2592000,quic=\":443\"; ma=2592000; v=\"46,43\"","accept-ranges":"none","transfer-encoding":"chunked"}
[debug] [2021-10-08T04:23:41.008Z] Found ruleset: projects/chato-bot-demo/rulesets/f623ddfc-6789-4f2d-a682-e00a5af240ca
[debug] [2021-10-08T04:23:41.008Z] >>> HTTP REQUEST GET https://firebaserules.googleapis.com/v1/projects/chato-bot-demo/rulesets/f623ddfc-6789-4f2d-a682-e00a5af240ca  
 
[debug] [2021-10-08T04:23:42.078Z] <<< HTTP RESPONSE 200 {"content-type":"application/json; charset=UTF-8","vary":"X-Origin, Referer, Origin,Accept-Encoding","date":"Fri, 08 Oct 2021 04:23:41 GMT","server":"ESF","cache-control":"private","x-xss-protection":"0","x-frame-options":"SAMEORIGIN","x-content-type-options":"nosniff","alt-svc":"h3=\":443\"; ma=2592000,h3-29=\":443\"; ma=2592000,h3-T051=\":443\"; ma=2592000,h3-Q050=\":443\"; ma=2592000,h3-Q046=\":443\"; ma=2592000,h3-Q043=\":443\"; ma=2592000,quic=\":443\"; ma=2592000; v=\"46,43\"","accept-ranges":"none","transfer-encoding":"chunked"}
[debug] [2021-10-08T04:23:42.083Z] Error: EISDIR: illegal operation on a directory, open 'C:\Users\ryuka\Documents\P2\chat-bot'
    at Object.openSync (fs.js:497:3)
    at Object.writeFileSync (fs.js:1528:35)
    at Object.createFileSync (C:\Program Files (x86)\Nodist\bin\node_modules\firebase-tools\node_modules\fs-extra\lib\ensure\file.js:43:6)
    at Config.writeProjectFile (C:\Program Files (x86)\Nodist\bin\node_modules\firebase-tools\lib\config.js:144:12)
    at C:\Program Files (x86)\Nodist\bin\node_modules\firebase-tools\lib\init\features\firestore\rules.js:50:27
    at processTicksAndRejections (internal/process/task_queues.js:95:5)
    at async Object.doSetup [as firestore] (C:\Program Files (x86)\Nodist\bin\node_modules\firebase-tools\lib\init\features\firestore\index.js:35:5)
    at async init (C:\Program Files (x86)\Nodist\bin\node_modules\firebase-tools\lib\init\index.js:19:9)
[error] 
[error] Error: An unexpected error has occurred.
